
Efinix FPGA Placement and Routing.
Version: 2024.1.163 
Date: Tue Oct 15 16:08:18 2024

Copyright (C) 2013 - 2024 Efinix, Inc. All rights reserved.
 
Family: Trion 
Device: T120F324
Top-level Entity Name: LED_BLINKING_DEMO
Elapsed time for packing: 0 hours 0 minutes 0 seconds

---------- Resource Summary (begin) ----------
Inputs: 1 / 1076 (0.09%)
Outputs: 1 / 1566 (0.06%)
Clocks: 1 / 16 (6.25%)
Logic Elements: 40 / 112128 (0.04%)
	LE: LUTs/Adders: 31 / 112128 (0.03%)
	LE: Registers: 37 / 107520 (0.03%)
Memory Blocks: 0 / 1056 (0.00%)
Multipliers: 0 / 320 (0.00%)
---------- Resource Summary (end) ----------


---------- IO Interface Summary (begin) ----------

+------------------------+--------------+
| Missing Interface Pins | Input/Output |
+------------------------+--------------+
|         led_3          |    Output    |
|         led_4          |    Output    |
|         led_2          |    Output    |
+------------------------+--------------+

----------- IO Interface Summary (end) ----------

Elapsed time for placement: 0 hours 0 minutes 3 seconds
